<?xml version="1.0" encoding="UTF-8"?>
<testng-results ignored="0" total="1" passed="1" failed="0" skipped="0">
  <reporter-output>
  </reporter-output>
  <suite started-at="2024-07-18T09:44:08 IST" name="Default suite" finished-at="2024-07-18T09:44:16 IST" duration-ms="7931">
    <groups>
    </groups>
    <test started-at="2024-07-18T09:44:08 IST" name="Default test" finished-at="2024-07-18T09:44:16 IST" duration-ms="7931">
      <class name="com.ctect.TestCases.login_test_01">
        <test-method is-config="true" signature="setupApplication()[pri:0, instance:com.ctect.TestCases.login_test_01@485966cc]" started-at="2024-07-18T09:44:08 IST" name="setupApplication" finished-at="2024-07-18T09:44:14 IST" duration-ms="5967" status="PASS">
          <reporter-output>
          </reporter-output>
        </test-method> <!-- setupApplication -->
        <test-method signature="login()[pri:0, instance:com.ctect.TestCases.login_test_01@485966cc]" started-at="2024-07-18T09:44:14 IST" name="login" finished-at="2024-07-18T09:44:15 IST" duration-ms="638" status="PASS">
          <reporter-output>
          </reporter-output>
        </test-method> <!-- login -->
        <test-method is-config="true" signature="teardownApplication()[pri:0, instance:com.ctect.TestCases.login_test_01@485966cc]" started-at="2024-07-18T09:44:15 IST" name="teardownApplication" finished-at="2024-07-18T09:44:16 IST" duration-ms="1272" status="PASS">
          <reporter-output>
          </reporter-output>
        </test-method> <!-- teardownApplication -->
      </class> <!-- com.ctect.TestCases.login_test_01 -->
    </test> <!-- Default test -->
  </suite> <!-- Default suite -->
</testng-results>
